2024-09-07 12:38:39 Loading main app package /usr/lib/obsidian/obsidian.asar
2024-09-07 12:38:39 Checking for update using Github
2024-09-07 12:38:40 Success.
2024-09-07 12:38:40 Latest version is 1.6.7
2024-09-07 12:38:40 App is up to date.
2024-09-07 12:40:40 Loading main app package /usr/lib/obsidian/obsidian.asar
2024-09-07 12:40:41 Checking for update using Github
2024-09-07 12:42:07 Loading main app package /usr/lib/obsidian/obsidian.asar
2024-09-07 12:42:07 Checking for update using Github
2024-09-07 12:43:28 Loading main app package /usr/lib/obsidian/obsidian.asar
2024-09-07 12:43:28 Checking for update using Github
2024-09-07 12:43:28 Success.
2024-09-07 12:43:28 Latest version is 1.6.7
2024-09-07 12:43:28 App is up to date.
2024-09-07 12:44:31 Loading main app package /usr/lib/obsidian/obsidian.asar
2024-09-07 12:44:31 Checking for update using Github
2024-09-07 12:44:32 Success.
2024-09-07 12:44:32 Latest version is 1.6.7
2024-09-07 12:44:32 App is up to date.
2024-09-07 12:44:36 Loading main app package /usr/lib/obsidian/obsidian.asar
2024-09-07 12:44:36 Checking for update using Github
2024-09-07 12:44:36 Success.
2024-09-07 12:44:36 Latest version is 1.6.7
2024-09-07 12:44:36 App is up to date.
2024-09-07 12:58:21 Loading main app package /usr/lib/obsidian/obsidian.asar
2024-09-07 12:58:21 Checking for update using Github
2024-09-07 12:58:22 Success.
2024-09-07 12:58:22 Latest version is 1.6.7
2024-09-07 12:58:22 App is up to date.
2024-09-07 12:58:29 Loading main app package /usr/lib/obsidian/obsidian.asar
2024-09-07 12:58:29 Checking for update using Github
2024-09-07 12:58:29 Success.
2024-09-07 12:58:29 Latest version is 1.6.7
2024-09-07 12:58:29 App is up to date.
2024-09-07 15:59:13 Loading main app package /usr/lib/obsidian/obsidian.asar
2024-09-07 15:59:13 Checking for update using Github
2024-09-07 15:59:14 Success.
2024-09-07 15:59:14 Latest version is 1.6.7
2024-09-07 15:59:14 App is up to date.
2024-09-11 12:12:40 Loading main app package /usr/lib/obsidian/obsidian.asar
2024-09-11 12:12:40 Checking for update using Github
2024-09-11 12:12:41 Success.
2024-09-11 12:12:41 Latest version is 1.6.7
2024-09-11 12:12:41 App is up to date.
2024-09-11 13:12:40 Checking for update using Github
2024-09-11 13:12:40 Success.
2024-09-11 13:12:40 Latest version is 1.6.7
2024-09-11 13:12:40 App is up to date.
